mode: set
github.com/RedHatProductSecurity/deplist/internal/utils/utils.go:8.33,9.17 1 0
github.com/RedHatProductSecurity/deplist/internal/utils/utils.go:9.17,11.3 1 0
github.com/RedHatProductSecurity/deplist/internal/utils/utils.go:13.2,13.30 1 0
github.com/RedHatProductSecurity/deplist/internal/utils/utils.go:13.30,15.3 1 0
github.com/RedHatProductSecurity/deplist/internal/utils/utils.go:16.2,16.13 1 0
github.com/RedHatProductSecurity/deplist/internal/utils/utils.go:20.49,22.16 2 0
github.com/RedHatProductSecurity/deplist/internal/utils/utils.go:22.16,24.3 1 0
github.com/RedHatProductSecurity/deplist/internal/utils/utils.go:25.2,27.30 2 0
github.com/RedHatProductSecurity/deplist/internal/utils/utils.go:27.30,28.31 1 0
github.com/RedHatProductSecurity/deplist/internal/utils/utils.go:29.16,30.15 1 0
github.com/RedHatProductSecurity/deplist/internal/utils/utils.go:31.15,32.15 1 0
github.com/RedHatProductSecurity/deplist/internal/utils/utils.go:33.15,34.15 1 0
github.com/RedHatProductSecurity/deplist/internal/utils/utils.go:35.15,36.20 1 0
github.com/RedHatProductSecurity/deplist/internal/utils/utils.go:40.2,40.19 1 0
github.com/RedHatProductSecurity/deplist/cmd/deplist/deplist.go:13.13,20.23 5 0
github.com/RedHatProductSecurity/deplist/cmd/deplist/deplist.go:20.23,22.3 1 0
github.com/RedHatProductSecurity/deplist/cmd/deplist/deplist.go:24.2,25.22 2 0
github.com/RedHatProductSecurity/deplist/cmd/deplist/deplist.go:25.22,27.3 1 0
github.com/RedHatProductSecurity/deplist/cmd/deplist/deplist.go:29.2,29.49 1 0
github.com/RedHatProductSecurity/deplist/cmd/deplist/deplist.go:29.49,32.3 2 0
github.com/RedHatProductSecurity/deplist/cmd/deplist/deplist.go:34.2,37.16 3 0
github.com/RedHatProductSecurity/deplist/cmd/deplist/deplist.go:37.16,39.3 1 0
github.com/RedHatProductSecurity/deplist/cmd/deplist/deplist.go:41.2,41.23 1 0
github.com/RedHatProductSecurity/deplist/cmd/deplist/deplist.go:41.23,42.28 1 0
github.com/RedHatProductSecurity/deplist/cmd/deplist/deplist.go:42.28,45.4 2 0
github.com/RedHatProductSecurity/deplist/cmd/deplist/deplist.go:46.8,48.28 2 0
github.com/RedHatProductSecurity/deplist/cmd/deplist/deplist.go:48.28,49.42 1 0
github.com/RedHatProductSecurity/deplist/cmd/deplist/deplist.go:49.42,51.5 1 0
github.com/RedHatProductSecurity/deplist/internal/scan/glide.go:26.53,33.16 5 0
github.com/RedHatProductSecurity/deplist/internal/scan/glide.go:33.16,35.3 1 0
github.com/RedHatProductSecurity/deplist/internal/scan/glide.go:37.2,39.16 2 0
github.com/RedHatProductSecurity/deplist/internal/scan/glide.go:39.16,41.3 1 0
github.com/RedHatProductSecurity/deplist/internal/scan/glide.go:43.2,43.33 1 0
github.com/RedHatProductSecurity/deplist/internal/scan/glide.go:43.33,51.44 2 0
github.com/RedHatProductSecurity/deplist/internal/scan/glide.go:51.44,58.4 1 0
github.com/RedHatProductSecurity/deplist/internal/scan/glide.go:61.2,61.22 1 0
github.com/RedHatProductSecurity/deplist/internal/scan/golang.go:37.41,42.39 1 0
github.com/RedHatProductSecurity/deplist/internal/scan/golang.go:42.39,45.3 1 0
github.com/RedHatProductSecurity/deplist/internal/scan/golang.go:46.2,46.28 1 0
github.com/RedHatProductSecurity/deplist/internal/scan/golang.go:49.60,57.21 4 0
github.com/RedHatProductSecurity/deplist/internal/scan/golang.go:57.21,59.3 1 0
github.com/RedHatProductSecurity/deplist/internal/scan/golang.go:59.8,61.3 1 0
github.com/RedHatProductSecurity/deplist/internal/scan/golang.go:63.2,66.43 3 0
github.com/RedHatProductSecurity/deplist/internal/scan/golang.go:66.43,68.3 1 0
github.com/RedHatProductSecurity/deplist/internal/scan/golang.go:72.2,72.16 1 0
github.com/RedHatProductSecurity/deplist/internal/scan/golang.go:72.16,74.22 2 0
github.com/RedHatProductSecurity/deplist/internal/scan/golang.go:74.22,77.4 1 0
github.com/RedHatProductSecurity/deplist/internal/scan/golang.go:79.3,79.20 1 0
github.com/RedHatProductSecurity/deplist/internal/scan/golang.go:79.20,81.4 1 0
github.com/RedHatProductSecurity/deplist/internal/scan/golang.go:84.2,84.17 1 0
github.com/RedHatProductSecurity/deplist/internal/scan/golang.go:91.45,93.16 2 0
github.com/RedHatProductSecurity/deplist/internal/scan/golang.go:93.16,97.17 3 0
github.com/RedHatProductSecurity/deplist/internal/scan/golang.go:97.17,98.27 1 0
github.com/RedHatProductSecurity/deplist/internal/scan/golang.go:98.27,101.5 2 0
github.com/RedHatProductSecurity/deplist/internal/scan/golang.go:103.3,103.17 1 0
github.com/RedHatProductSecurity/deplist/internal/scan/golang.go:103.17,106.4 2 0
github.com/RedHatProductSecurity/deplist/internal/scan/golang.go:107.3,107.17 1 0
github.com/RedHatProductSecurity/deplist/internal/scan/golang.go:107.17,110.18 3 0
github.com/RedHatProductSecurity/deplist/internal/scan/golang.go:110.18,113.5 1 0
github.com/RedHatProductSecurity/deplist/internal/scan/golang.go:117.2,117.17 1 0
github.com/RedHatProductSecurity/deplist/internal/scan/golang.go:122.59,129.16 4 0
github.com/RedHatProductSecurity/deplist/internal/scan/golang.go:129.16,131.3 1 0
github.com/RedHatProductSecurity/deplist/internal/scan/golang.go:136.2,138.6 2 0
github.com/RedHatProductSecurity/deplist/internal/scan/golang.go:138.6,141.20 3 0
github.com/RedHatProductSecurity/deplist/internal/scan/golang.go:141.20,142.9 1 0
github.com/RedHatProductSecurity/deplist/internal/scan/golang.go:144.3,144.17 1 0
github.com/RedHatProductSecurity/deplist/internal/scan/golang.go:144.17,146.4 1 0
github.com/RedHatProductSecurity/deplist/internal/scan/golang.go:148.3,150.40 2 0
github.com/RedHatProductSecurity/deplist/internal/scan/golang.go:150.40,151.104 1 0
github.com/RedHatProductSecurity/deplist/internal/scan/golang.go:151.104,156.5 1 0
github.com/RedHatProductSecurity/deplist/internal/scan/golang.go:157.9,162.4 1 0
github.com/RedHatProductSecurity/deplist/internal/scan/golang.go:164.2,164.22 1 0
github.com/RedHatProductSecurity/deplist/internal/scan/gopkg.go:26.57,33.16 5 0
github.com/RedHatProductSecurity/deplist/internal/scan/gopkg.go:33.16,35.3 1 0
github.com/RedHatProductSecurity/deplist/internal/scan/gopkg.go:37.2,37.30 1 0
github.com/RedHatProductSecurity/deplist/internal/scan/gopkg.go:37.30,39.16 2 0
github.com/RedHatProductSecurity/deplist/internal/scan/gopkg.go:39.16,41.4 1 0
github.com/RedHatProductSecurity/deplist/internal/scan/gopkg.go:43.3,50.41 2 0
github.com/RedHatProductSecurity/deplist/internal/scan/gopkg.go:50.41,51.25 1 0
github.com/RedHatProductSecurity/deplist/internal/scan/gopkg.go:51.25,58.5 1 0
github.com/RedHatProductSecurity/deplist/internal/scan/gopkg.go:62.2,62.22 1 0
github.com/RedHatProductSecurity/deplist/internal/scan/jar.go:11.57,17.16 4 0
github.com/RedHatProductSecurity/deplist/internal/scan/jar.go:17.16,19.3 1 0
github.com/RedHatProductSecurity/deplist/internal/scan/jar.go:21.2,21.30 1 0
github.com/RedHatProductSecurity/deplist/internal/scan/jar.go:21.30,24.34 2 0
github.com/RedHatProductSecurity/deplist/internal/scan/jar.go:24.34,26.4 1 0
github.com/RedHatProductSecurity/deplist/internal/scan/jar.go:26.9,28.4 1 0
github.com/RedHatProductSecurity/deplist/internal/scan/jar.go:30.2,30.22 1 0
github.com/RedHatProductSecurity/deplist/internal/scan/maven.go:17.45,18.61 1 0
github.com/RedHatProductSecurity/deplist/internal/scan/maven.go:18.61,19.52 1 0
github.com/RedHatProductSecurity/deplist/internal/scan/maven.go:19.52,21.4 1 0
github.com/RedHatProductSecurity/deplist/internal/scan/maven.go:23.2,23.14 1 0
github.com/RedHatProductSecurity/deplist/internal/scan/maven.go:26.57,38.40 7 0
github.com/RedHatProductSecurity/deplist/internal/scan/maven.go:38.40,39.19 1 0
github.com/RedHatProductSecurity/deplist/internal/scan/maven.go:39.19,41.12 2 0
github.com/RedHatProductSecurity/deplist/internal/scan/maven.go:44.3,44.31 1 0
github.com/RedHatProductSecurity/deplist/internal/scan/maven.go:47.2,47.22 1 0
github.com/RedHatProductSecurity/deplist/internal/scan/nodejs.go:46.49,49.22 1 0
github.com/RedHatProductSecurity/deplist/internal/scan/nodejs.go:49.22,52.24 1 0
github.com/RedHatProductSecurity/deplist/internal/scan/nodejs.go:52.24,54.4 1 0
github.com/RedHatProductSecurity/deplist/internal/scan/nodejs.go:57.3,57.34 1 0
github.com/RedHatProductSecurity/deplist/internal/scan/nodejs.go:57.34,59.4 1 0
github.com/RedHatProductSecurity/deplist/internal/scan/nodejs.go:61.3,61.37 1 0
github.com/RedHatProductSecurity/deplist/internal/scan/nodejs.go:61.37,63.4 1 0
github.com/RedHatProductSecurity/deplist/internal/scan/nodejs.go:66.3,66.74 1 0
github.com/RedHatProductSecurity/deplist/internal/scan/nodejs.go:66.74,68.4 1 0
github.com/RedHatProductSecurity/deplist/internal/scan/nodejs.go:71.2,71.53 1 0
github.com/RedHatProductSecurity/deplist/internal/scan/nodejs.go:71.53,76.3 1 0
github.com/RedHatProductSecurity/deplist/internal/scan/nodejs.go:79.41,86.20 4 0
github.com/RedHatProductSecurity/deplist/internal/scan/nodejs.go:86.20,89.3 2 0
github.com/RedHatProductSecurity/deplist/internal/scan/nodejs.go:89.8,92.3 2 0
github.com/RedHatProductSecurity/deplist/internal/scan/nodejs.go:94.2,96.27 2 0
github.com/RedHatProductSecurity/deplist/internal/scan/nodejs.go:96.27,97.38 1 0
github.com/RedHatProductSecurity/deplist/internal/scan/nodejs.go:97.38,99.4 1 0
github.com/RedHatProductSecurity/deplist/internal/scan/nodejs.go:103.59,105.59 2 0
github.com/RedHatProductSecurity/deplist/internal/scan/nodejs.go:105.59,107.3 1 0
github.com/RedHatProductSecurity/deplist/internal/scan/nodejs.go:113.66,115.29 2 0
github.com/RedHatProductSecurity/deplist/internal/scan/nodejs.go:116.19,117.27 1 0
github.com/RedHatProductSecurity/deplist/internal/scan/nodejs.go:118.27,119.26 1 0
github.com/RedHatProductSecurity/deplist/internal/scan/nodejs.go:121.2,121.67 1 0
github.com/RedHatProductSecurity/deplist/internal/scan/nodejs.go:124.64,132.16 5 0
github.com/RedHatProductSecurity/deplist/internal/scan/nodejs.go:132.16,134.3 1 0
github.com/RedHatProductSecurity/deplist/internal/scan/nodejs.go:136.2,137.16 2 0
github.com/RedHatProductSecurity/deplist/internal/scan/nodejs.go:137.16,139.3 1 0
github.com/RedHatProductSecurity/deplist/internal/scan/nodejs.go:141.2,141.44 1 0
github.com/RedHatProductSecurity/deplist/internal/scan/nodejs.go:141.44,143.3 1 0
github.com/RedHatProductSecurity/deplist/internal/scan/nodejs.go:145.2,145.26 1 0
github.com/RedHatProductSecurity/deplist/internal/scan/nodejs.go:148.63,159.31 6 0
github.com/RedHatProductSecurity/deplist/internal/scan/nodejs.go:159.31,161.3 1 0
github.com/RedHatProductSecurity/deplist/internal/scan/nodejs.go:163.2,164.16 2 0
github.com/RedHatProductSecurity/deplist/internal/scan/nodejs.go:164.16,166.3 1 0
github.com/RedHatProductSecurity/deplist/internal/scan/nodejs.go:168.2,168.51 1 0
github.com/RedHatProductSecurity/deplist/internal/scan/nodejs.go:168.51,170.3 1 0
github.com/RedHatProductSecurity/deplist/internal/scan/nodejs.go:172.2,172.26 1 0
github.com/RedHatProductSecurity/deplist/internal/scan/python.go:16.60,22.16 4 0
github.com/RedHatProductSecurity/deplist/internal/scan/python.go:22.16,24.3 1 0
github.com/RedHatProductSecurity/deplist/internal/scan/python.go:26.2,30.21 3 0
github.com/RedHatProductSecurity/deplist/internal/scan/python.go:30.21,35.82 2 0
github.com/RedHatProductSecurity/deplist/internal/scan/python.go:35.82,36.12 1 0
github.com/RedHatProductSecurity/deplist/internal/scan/python.go:42.3,47.14 3 0
github.com/RedHatProductSecurity/deplist/internal/scan/python.go:47.14,50.18 2 0
github.com/RedHatProductSecurity/deplist/internal/scan/python.go:50.18,51.24 1 0
github.com/RedHatProductSecurity/deplist/internal/scan/python.go:51.24,52.14 1 0
github.com/RedHatProductSecurity/deplist/internal/scan/python.go:55.5,55.25 1 0
github.com/RedHatProductSecurity/deplist/internal/scan/python.go:57.4,58.12 2 0
github.com/RedHatProductSecurity/deplist/internal/scan/python.go:63.3,65.19 2 0
github.com/RedHatProductSecurity/deplist/internal/scan/python.go:65.19,68.4 1 0
github.com/RedHatProductSecurity/deplist/internal/scan/python.go:68.9,71.4 1 0
github.com/RedHatProductSecurity/deplist/internal/scan/python.go:74.2,74.22 1 0
github.com/RedHatProductSecurity/deplist/internal/scan/ruby.go:37.58,41.16 4 1
github.com/RedHatProductSecurity/deplist/internal/scan/ruby.go:41.16,43.3 1 0
github.com/RedHatProductSecurity/deplist/internal/scan/ruby.go:44.2,45.28 2 1
github.com/RedHatProductSecurity/deplist/internal/scan/ruby.go:45.28,47.46 2 1
github.com/RedHatProductSecurity/deplist/internal/scan/ruby.go:47.46,49.9 2 0
github.com/RedHatProductSecurity/deplist/internal/scan/ruby.go:53.2,53.19 1 1
github.com/RedHatProductSecurity/deplist/internal/scan/ruby.go:53.19,56.3 2 0
github.com/RedHatProductSecurity/deplist/internal/scan/ruby.go:58.2,60.45 2 1
github.com/RedHatProductSecurity/deplist/internal/scan/ruby.go:60.45,61.25 1 0
github.com/RedHatProductSecurity/deplist/internal/scan/ruby.go:61.25,68.18 6 0
github.com/RedHatProductSecurity/deplist/internal/scan/ruby.go:68.18,71.5 2 0
github.com/RedHatProductSecurity/deplist/internal/scan/ruby.go:72.4,72.38 1 0
github.com/RedHatProductSecurity/deplist/internal/scan/ruby.go:73.9,76.4 2 0
github.com/RedHatProductSecurity/deplist/internal/scan/ruby.go:78.2,78.51 1 1
github.com/RedHatProductSecurity/deplist/internal/scan/ruby.go:81.86,85.16 3 1
github.com/RedHatProductSecurity/deplist/internal/scan/ruby.go:85.16,88.3 2 0
github.com/RedHatProductSecurity/deplist/internal/scan/ruby.go:89.2,91.16 3 1
github.com/RedHatProductSecurity/deplist/internal/scan/ruby.go:91.16,94.3 2 0
github.com/RedHatProductSecurity/deplist/internal/scan/ruby.go:96.2,100.16 5 1
github.com/RedHatProductSecurity/deplist/internal/scan/ruby.go:100.16,103.3 2 0
github.com/RedHatProductSecurity/deplist/internal/scan/ruby.go:105.2,107.35 2 1
github.com/RedHatProductSecurity/deplist/internal/scan/ruby.go:107.35,108.17 1 1
github.com/RedHatProductSecurity/deplist/internal/scan/ruby.go:108.17,109.12 1 1
github.com/RedHatProductSecurity/deplist/internal/scan/ruby.go:111.3,112.36 2 1
github.com/RedHatProductSecurity/deplist/internal/scan/ruby.go:112.36,115.4 1 0
github.com/RedHatProductSecurity/deplist/internal/scan/ruby.go:115.9,115.26 1 1
github.com/RedHatProductSecurity/deplist/internal/scan/ruby.go:115.26,117.12 2 0
github.com/RedHatProductSecurity/deplist/internal/scan/ruby.go:119.3,119.28 1 1
github.com/RedHatProductSecurity/deplist/internal/scan/ruby.go:122.2,122.22 1 1
github.com/RedHatProductSecurity/deplist/internal/scan/rust.go:18.65,24.16 5 0
github.com/RedHatProductSecurity/deplist/internal/scan/rust.go:24.16,27.3 2 0
github.com/RedHatProductSecurity/deplist/internal/scan/rust.go:29.2,29.49 1 0
github.com/RedHatProductSecurity/deplist/internal/scan/rust.go:29.49,31.3 1 0
github.com/RedHatProductSecurity/deplist/internal/scan/rust.go:33.2,33.22 1 0
github.com/RedHatProductSecurity/deplist/internal/utils/utils.go:8.33,9.17 1 0
github.com/RedHatProductSecurity/deplist/internal/utils/utils.go:9.17,11.3 1 0
github.com/RedHatProductSecurity/deplist/internal/utils/utils.go:13.2,13.30 1 0
github.com/RedHatProductSecurity/deplist/internal/utils/utils.go:13.30,15.3 1 0
github.com/RedHatProductSecurity/deplist/internal/utils/utils.go:16.2,16.13 1 0
github.com/RedHatProductSecurity/deplist/internal/utils/utils.go:20.49,22.16 2 0
github.com/RedHatProductSecurity/deplist/internal/utils/utils.go:22.16,24.3 1 0
github.com/RedHatProductSecurity/deplist/internal/utils/utils.go:25.2,27.30 2 0
github.com/RedHatProductSecurity/deplist/internal/utils/utils.go:27.30,28.31 1 0
github.com/RedHatProductSecurity/deplist/internal/utils/utils.go:29.16,30.15 1 0
github.com/RedHatProductSecurity/deplist/internal/utils/utils.go:31.15,32.15 1 0
github.com/RedHatProductSecurity/deplist/internal/utils/utils.go:33.15,34.15 1 0
github.com/RedHatProductSecurity/deplist/internal/utils/utils.go:35.15,36.20 1 0
github.com/RedHatProductSecurity/deplist/internal/utils/utils.go:40.2,40.19 1 0
github.com/RedHatProductSecurity/deplist/dependencies.go:19.49,19.63 1 1
github.com/RedHatProductSecurity/deplist/dependencies.go:22.53,22.75 1 0
github.com/RedHatProductSecurity/deplist/dependencies.go:24.40,26.2 1 1
github.com/RedHatProductSecurity/deplist/dependencies.go:29.40,30.24 1 1
github.com/RedHatProductSecurity/deplist/dependencies.go:30.24,32.3 1 1
github.com/RedHatProductSecurity/deplist/dependencies.go:32.8,32.29 1 1
github.com/RedHatProductSecurity/deplist/dependencies.go:32.29,34.3 1 1
github.com/RedHatProductSecurity/deplist/dependencies.go:34.8,34.31 1 1
github.com/RedHatProductSecurity/deplist/dependencies.go:34.31,36.3 1 1
github.com/RedHatProductSecurity/deplist/dependencies.go:36.8,36.31 1 1
github.com/RedHatProductSecurity/deplist/dependencies.go:36.31,38.3 1 1
github.com/RedHatProductSecurity/deplist/dependencies.go:38.8,38.29 1 1
github.com/RedHatProductSecurity/deplist/dependencies.go:38.29,40.3 1 1
github.com/RedHatProductSecurity/deplist/dependencies.go:40.8,40.29 1 1
github.com/RedHatProductSecurity/deplist/dependencies.go:40.29,42.3 1 1
github.com/RedHatProductSecurity/deplist/dependencies.go:43.2,43.18 1 0
github.com/RedHatProductSecurity/deplist/deplist.go:29.13,38.45 2 1
github.com/RedHatProductSecurity/deplist/deplist.go:38.45,39.52 1 1
github.com/RedHatProductSecurity/deplist/deplist.go:39.52,41.4 1 0
github.com/RedHatProductSecurity/deplist/deplist.go:43.2,43.29 1 1
github.com/RedHatProductSecurity/deplist/deplist.go:51.96,52.19 1 1
github.com/RedHatProductSecurity/deplist/deplist.go:52.19,54.3 1 1
github.com/RedHatProductSecurity/deplist/deplist.go:56.2,56.34 1 1
github.com/RedHatProductSecurity/deplist/deplist.go:56.34,64.3 1 1
github.com/RedHatProductSecurity/deplist/deplist.go:65.2,65.19 1 1
github.com/RedHatProductSecurity/deplist/deplist.go:82.83,88.53 3 1
github.com/RedHatProductSecurity/deplist/deplist.go:88.53,90.3 1 0
github.com/RedHatProductSecurity/deplist/deplist.go:92.2,103.86 8 1
github.com/RedHatProductSecurity/deplist/deplist.go:103.86,104.17 1 1
github.com/RedHatProductSecurity/deplist/deplist.go:104.17,107.4 1 0
github.com/RedHatProductSecurity/deplist/deplist.go:109.3,109.19 1 1
github.com/RedHatProductSecurity/deplist/deplist.go:109.19,111.48 1 1
github.com/RedHatProductSecurity/deplist/deplist.go:111.48,114.5 2 1
github.com/RedHatProductSecurity/deplist/deplist.go:115.9,122.20 2 1
github.com/RedHatProductSecurity/deplist/deplist.go:123.18,125.19 2 1
github.com/RedHatProductSecurity/deplist/deplist.go:125.19,127.6 1 0
github.com/RedHatProductSecurity/deplist/deplist.go:129.5,129.22 1 1
github.com/RedHatProductSecurity/deplist/deplist.go:129.22,131.6 1 1
github.com/RedHatProductSecurity/deplist/deplist.go:133.5,133.35 1 1
github.com/RedHatProductSecurity/deplist/deplist.go:133.35,141.6 2 1
github.com/RedHatProductSecurity/deplist/deplist.go:142.29,147.33 1 1
github.com/RedHatProductSecurity/deplist/deplist.go:147.33,149.6 1 1
github.com/RedHatProductSecurity/deplist/deplist.go:150.5,150.16 1 0
github.com/RedHatProductSecurity/deplist/deplist.go:152.21,154.19 2 1
github.com/RedHatProductSecurity/deplist/deplist.go:154.19,158.6 2 0
github.com/RedHatProductSecurity/deplist/deplist.go:160.5,160.22 1 1
github.com/RedHatProductSecurity/deplist/deplist.go:160.22,162.6 1 1
github.com/RedHatProductSecurity/deplist/deplist.go:164.5,164.28 1 1
github.com/RedHatProductSecurity/deplist/deplist.go:164.28,172.6 1 1
github.com/RedHatProductSecurity/deplist/deplist.go:173.22,175.19 2 1
github.com/RedHatProductSecurity/deplist/deplist.go:175.19,179.6 2 0
github.com/RedHatProductSecurity/deplist/deplist.go:181.5,181.63 1 1
github.com/RedHatProductSecurity/deplist/deplist.go:182.12,185.16 2 1
github.com/RedHatProductSecurity/deplist/deplist.go:186.17,188.51 1 0
github.com/RedHatProductSecurity/deplist/deplist.go:188.51,190.7 1 0
github.com/RedHatProductSecurity/deplist/deplist.go:191.6,191.17 1 0
github.com/RedHatProductSecurity/deplist/deplist.go:192.17,193.17 1 0
github.com/RedHatProductSecurity/deplist/deplist.go:194.17,195.17 1 0
github.com/RedHatProductSecurity/deplist/deplist.go:196.17,197.17 1 0
github.com/RedHatProductSecurity/deplist/deplist.go:198.17,199.17 1 0
github.com/RedHatProductSecurity/deplist/deplist.go:200.17,202.84 2 0
github.com/RedHatProductSecurity/deplist/deplist.go:202.84,204.7 1 0
github.com/RedHatProductSecurity/deplist/deplist.go:206.6,207.20 2 0
github.com/RedHatProductSecurity/deplist/deplist.go:207.20,209.24 1 0
github.com/RedHatProductSecurity/deplist/deplist.go:209.24,211.8 1 0
github.com/RedHatProductSecurity/deplist/deplist.go:213.7,213.39 1 0
github.com/RedHatProductSecurity/deplist/deplist.go:213.39,218.94 2 0
github.com/RedHatProductSecurity/deplist/deplist.go:218.94,226.9 1 0
github.com/RedHatProductSecurity/deplist/deplist.go:234.4,238.16 2 1
github.com/RedHatProductSecurity/deplist/deplist.go:239.19,241.19 2 1
github.com/RedHatProductSecurity/deplist/deplist.go:241.19,243.6 1 0
github.com/RedHatProductSecurity/deplist/deplist.go:245.5,245.22 1 1
github.com/RedHatProductSecurity/deplist/deplist.go:245.22,247.6 1 1
github.com/RedHatProductSecurity/deplist/deplist.go:248.5,248.32 1 1
github.com/RedHatProductSecurity/deplist/deplist.go:248.32,255.6 2 1
github.com/RedHatProductSecurity/deplist/deplist.go:256.19,258.19 2 1
github.com/RedHatProductSecurity/deplist/deplist.go:258.19,260.6 1 0
github.com/RedHatProductSecurity/deplist/deplist.go:262.5,262.22 1 1
github.com/RedHatProductSecurity/deplist/deplist.go:262.22,264.6 1 1
github.com/RedHatProductSecurity/deplist/deplist.go:265.5,265.32 1 1
github.com/RedHatProductSecurity/deplist/deplist.go:265.32,272.6 2 1
github.com/RedHatProductSecurity/deplist/deplist.go:273.17,275.19 2 1
github.com/RedHatProductSecurity/deplist/deplist.go:275.19,277.6 1 0
github.com/RedHatProductSecurity/deplist/deplist.go:279.5,279.63 1 1
github.com/RedHatProductSecurity/deplist/deplist.go:280.18,283.28 1 1
github.com/RedHatProductSecurity/deplist/deplist.go:283.28,284.11 1 1
github.com/RedHatProductSecurity/deplist/deplist.go:287.5,288.19 2 1
github.com/RedHatProductSecurity/deplist/deplist.go:288.19,290.6 1 0
github.com/RedHatProductSecurity/deplist/deplist.go:292.5,293.23 2 1
github.com/RedHatProductSecurity/deplist/deplist.go:294.20,296.19 2 1
github.com/RedHatProductSecurity/deplist/deplist.go:296.19,298.6 1 0
github.com/RedHatProductSecurity/deplist/deplist.go:300.5,300.65 1 1
github.com/RedHatProductSecurity/deplist/deplist.go:304.3,304.13 1 1
github.com/RedHatProductSecurity/deplist/deplist.go:306.2,306.16 1 1
github.com/RedHatProductSecurity/deplist/deplist.go:306.16,308.3 1 0
github.com/RedHatProductSecurity/deplist/deplist.go:310.2,310.52 1 1
github.com/RedHatProductSecurity/deplist/deplist.go:314.51,317.16 3 1
github.com/RedHatProductSecurity/deplist/deplist.go:317.16,319.3 1 1
github.com/RedHatProductSecurity/deplist/deplist.go:320.2,320.41 1 1
github.com/RedHatProductSecurity/deplist/deplist.go:320.41,322.3 1 1
github.com/RedHatProductSecurity/deplist/deplist.go:323.2,323.22 1 1
github.com/RedHatProductSecurity/deplist/deplist.go:327.84,329.16 2 1
github.com/RedHatProductSecurity/deplist/deplist.go:329.16,331.3 1 0
github.com/RedHatProductSecurity/deplist/deplist.go:333.2,334.16 2 1
github.com/RedHatProductSecurity/deplist/deplist.go:334.16,336.3 1 0
github.com/RedHatProductSecurity/deplist/deplist.go:339.2,339.20 1 1
github.com/RedHatProductSecurity/deplist/deplist.go:339.20,341.46 2 0
github.com/RedHatProductSecurity/deplist/deplist.go:341.46,344.4 2 0
github.com/RedHatProductSecurity/deplist/deplist.go:348.2,350.32 2 1
github.com/RedHatProductSecurity/deplist/deplist.go:353.55,356.27 3 1
github.com/RedHatProductSecurity/deplist/deplist.go:356.27,358.30 2 1
github.com/RedHatProductSecurity/deplist/deplist.go:358.30,361.4 2 1
github.com/RedHatProductSecurity/deplist/deplist.go:363.2,363.17 1 1
github.com/RedHatProductSecurity/deplist/internal/utils/utils.go:8.33,9.17 1 1
github.com/RedHatProductSecurity/deplist/internal/utils/utils.go:9.17,11.3 1 0
github.com/RedHatProductSecurity/deplist/internal/utils/utils.go:13.2,13.30 1 1
github.com/RedHatProductSecurity/deplist/internal/utils/utils.go:13.30,15.3 1 1
github.com/RedHatProductSecurity/deplist/internal/utils/utils.go:16.2,16.13 1 1
github.com/RedHatProductSecurity/deplist/internal/utils/utils.go:20.49,22.16 2 0
github.com/RedHatProductSecurity/deplist/internal/utils/utils.go:22.16,24.3 1 0
github.com/RedHatProductSecurity/deplist/internal/utils/utils.go:25.2,27.30 2 0
github.com/RedHatProductSecurity/deplist/internal/utils/utils.go:27.30,28.31 1 0
github.com/RedHatProductSecurity/deplist/internal/utils/utils.go:29.16,30.15 1 0
github.com/RedHatProductSecurity/deplist/internal/utils/utils.go:31.15,32.15 1 0
github.com/RedHatProductSecurity/deplist/internal/utils/utils.go:33.15,34.15 1 0
github.com/RedHatProductSecurity/deplist/internal/utils/utils.go:35.15,36.20 1 0
github.com/RedHatProductSecurity/deplist/internal/utils/utils.go:40.2,40.19 1 0
